<?xml version="1.0" encoding="UTF-8"?>
<testsuite xmlns:xsi="http://www.w3.org/2001/XMLSchema-instance" xsi:noNamespaceSchemaLocation="https://maven.apache.org/surefire/maven-surefire-plugin/xsd/surefire-test-report.xsd" name="br.com.asty.mvc.mudi.MudiApplicationTests" time="4.586" tests="1" errors="0" skipped="0" failures="0">
  <properties>
    <property name="java.specification.version" value="17"/>
    <property name="sun.cpu.isalist" value="amd64"/>
    <property name="sun.jnu.encoding" value="Cp1252"/>
    <property name="java.class.path" value="c:\Users\p052055\git\mudi\target\test-classes;c:\Users\p052055\git\mudi\target\classes;C:\Prodemge\maven\.m2\repositoryTeste\org\springframework\boot\spring-boot-starter-thymeleaf\2.5.5\spring-boot-starter-thymeleaf-2.5.5.jar;C:\Prodemge\maven\.m2\repositoryTeste\org\springframework\boot\spring-boot-starter\2.5.5\spring-boot-starter-2.5.5.jar;C:\Prodemge\maven\.m2\repositoryTeste\org\springframework\boot\spring-boot-starter-logging\2.5.5\spring-boot-starter-logging-2.5.5.jar;C:\Prodemge\maven\.m2\repositoryTeste\ch\qos\logback\logback-classic\1.2.6\logback-classic-1.2.6.jar;C:\Prodemge\maven\.m2\repositoryTeste\ch\qos\logback\logback-core\1.2.6\logback-core-1.2.6.jar;C:\Prodemge\maven\.m2\repositoryTeste\org\apache\logging\log4j\log4j-to-slf4j\2.14.1\log4j-to-slf4j-2.14.1.jar;C:\Prodemge\maven\.m2\repositoryTeste\org\apache\logging\log4j\log4j-api\2.14.1\log4j-api-2.14.1.jar;C:\Prodemge\maven\.m2\repositoryTeste\org\slf4j\jul-to-slf4j\1.7.32\jul-to-slf4j-1.7.32.jar;C:\Prodemge\maven\.m2\repositoryTeste\jakarta\annotation\jakarta.annotation-api\1.3.5\jakarta.annotation-api-1.3.5.jar;C:\Prodemge\maven\.m2\repositoryTeste\org\yaml\snakeyaml\1.28\snakeyaml-1.28.jar;C:\Prodemge\maven\.m2\repositoryTeste\org\thymeleaf\thymeleaf-spring5\3.0.12.RELEASE\thymeleaf-spring5-3.0.12.RELEASE.jar;C:\Prodemge\maven\.m2\repositoryTeste\org\thymeleaf\thymeleaf\3.0.12.RELEASE\thymeleaf-3.0.12.RELEASE.jar;C:\Prodemge\maven\.m2\repositoryTeste\org\attoparser\attoparser\2.0.5.RELEASE\attoparser-2.0.5.RELEASE.jar;C:\Prodemge\maven\.m2\repositoryTeste\org\unbescape\unbescape\1.1.6.RELEASE\unbescape-1.1.6.RELEASE.jar;C:\Prodemge\maven\.m2\repositoryTeste\org\slf4j\slf4j-api\1.7.32\slf4j-api-1.7.32.jar;C:\Prodemge\maven\.m2\repositoryTeste\org\thymeleaf\extras\thymeleaf-extras-java8time\3.0.4.RELEASE\thymeleaf-extras-java8time-3.0.4.RELEASE.jar;C:\Prodemge\maven\.m2\repositoryTeste\org\springframework\boot\spring-boot-starter-web\2.5.5\spring-boot-starter-web-2.5.5.jar;C:\Prodemge\maven\.m2\repositoryTeste\org\springframework\boot\spring-boot-starter-json\2.5.5\spring-boot-starter-json-2.5.5.jar;C:\Prodemge\maven\.m2\repositoryTeste\com\fasterxml\jackson\core\jackson-databind\2.12.5\jackson-databind-2.12.5.jar;C:\Prodemge\maven\.m2\repositoryTeste\com\fasterxml\jackson\core\jackson-annotations\2.12.5\jackson-annotations-2.12.5.jar;C:\Prodemge\maven\.m2\repositoryTeste\com\fasterxml\jackson\core\jackson-core\2.12.5\jackson-core-2.12.5.jar;C:\Prodemge\maven\.m2\repositoryTeste\com\fasterxml\jackson\datatype\jackson-datatype-jdk8\2.12.5\jackson-datatype-jdk8-2.12.5.jar;C:\Prodemge\maven\.m2\repositoryTeste\com\fasterxml\jackson\datatype\jackson-datatype-jsr310\2.12.5\jackson-datatype-jsr310-2.12.5.jar;C:\Prodemge\maven\.m2\repositoryTeste\com\fasterxml\jackson\module\jackson-module-parameter-names\2.12.5\jackson-module-parameter-names-2.12.5.jar;C:\Prodemge\maven\.m2\repositoryTeste\org\springframework\boot\spring-boot-starter-tomcat\2.5.5\spring-boot-starter-tomcat-2.5.5.jar;C:\Prodemge\maven\.m2\repositoryTeste\org\apache\tomcat\embed\tomcat-embed-core\9.0.53\tomcat-embed-core-9.0.53.jar;C:\Prodemge\maven\.m2\repositoryTeste\org\apache\tomcat\embed\tomcat-embed-websocket\9.0.53\tomcat-embed-websocket-9.0.53.jar;C:\Prodemge\maven\.m2\repositoryTeste\org\springframework\spring-web\5.3.10\spring-web-5.3.10.jar;C:\Prodemge\maven\.m2\repositoryTeste\org\springframework\spring-beans\5.3.10\spring-beans-5.3.10.jar;C:\Prodemge\maven\.m2\repositoryTeste\org\springframework\spring-webmvc\5.3.10\spring-webmvc-5.3.10.jar;C:\Prodemge\maven\.m2\repositoryTeste\org\springframework\spring-aop\5.3.10\spring-aop-5.3.10.jar;C:\Prodemge\maven\.m2\repositoryTeste\org\springframework\spring-context\5.3.10\spring-context-5.3.10.jar;C:\Prodemge\maven\.m2\repositoryTeste\org\springframework\spring-expression\5.3.10\spring-expression-5.3.10.jar;C:\Prodemge\maven\.m2\repositoryTeste\org\springframework\boot\spring-boot-starter-data-jpa\2.5.5\spring-boot-starter-data-jpa-2.5.5.jar;C:\Prodemge\maven\.m2\repositoryTeste\org\springframework\boot\spring-boot-starter-aop\2.5.5\spring-boot-starter-aop-2.5.5.jar;C:\Prodemge\maven\.m2\repositoryTeste\org\aspectj\aspectjweaver\1.9.7\aspectjweaver-1.9.7.jar;C:\Prodemge\maven\.m2\repositoryTeste\org\springframework\boot\spring-boot-starter-jdbc\2.5.5\spring-boot-starter-jdbc-2.5.5.jar;C:\Prodemge\maven\.m2\repositoryTeste\com\zaxxer\HikariCP\4.0.3\HikariCP-4.0.3.jar;C:\Prodemge\maven\.m2\repositoryTeste\org\springframework\spring-jdbc\5.3.10\spring-jdbc-5.3.10.jar;C:\Prodemge\maven\.m2\repositoryTeste\jakarta\transaction\jakarta.transaction-api\1.3.3\jakarta.transaction-api-1.3.3.jar;C:\Prodemge\maven\.m2\repositoryTeste\jakarta\persistence\jakarta.persistence-api\2.2.3\jakarta.persistence-api-2.2.3.jar;C:\Prodemge\maven\.m2\repositoryTeste\org\hibernate\hibernate-core\5.4.32.Final\hibernate-core-5.4.32.Final.jar;C:\Prodemge\maven\.m2\repositoryTeste\org\jboss\logging\jboss-logging\3.4.2.Final\jboss-logging-3.4.2.Final.jar;C:\Prodemge\maven\.m2\repositoryTeste\org\javassist\javassist\3.27.0-GA\javassist-3.27.0-GA.jar;C:\Prodemge\maven\.m2\repositoryTeste\net\bytebuddy\byte-buddy\1.10.22\byte-buddy-1.10.22.jar;C:\Prodemge\maven\.m2\repositoryTeste\antlr\antlr\2.7.7\antlr-2.7.7.jar;C:\Prodemge\maven\.m2\repositoryTeste\org\jboss\jandex\2.2.3.Final\jandex-2.2.3.Final.jar;C:\Prodemge\maven\.m2\repositoryTeste\com\fasterxml\classmate\1.5.1\classmate-1.5.1.jar;C:\Prodemge\maven\.m2\repositoryTeste\org\dom4j\dom4j\2.1.3\dom4j-2.1.3.jar;C:\Prodemge\maven\.m2\repositoryTeste\org\hibernate\common\hibernate-commons-annotations\5.1.2.Final\hibernate-commons-annotations-5.1.2.Final.jar;C:\Prodemge\maven\.m2\repositoryTeste\org\glassfish\jaxb\jaxb-runtime\2.3.5\jaxb-runtime-2.3.5.jar;C:\Prodemge\maven\.m2\repositoryTeste\org\glassfish\jaxb\txw2\2.3.5\txw2-2.3.5.jar;C:\Prodemge\maven\.m2\repositoryTeste\com\sun\istack\istack-commons-runtime\3.0.12\istack-commons-runtime-3.0.12.jar;C:\Prodemge\maven\.m2\repositoryTeste\com\sun\activation\jakarta.activation\1.2.2\jakarta.activation-1.2.2.jar;C:\Prodemge\maven\.m2\repositoryTeste\org\springframework\data\spring-data-jpa\2.5.5\spring-data-jpa-2.5.5.jar;C:\Prodemge\maven\.m2\repositoryTeste\org\springframework\data\spring-data-commons\2.5.5\spring-data-commons-2.5.5.jar;C:\Prodemge\maven\.m2\repositoryTeste\org\springframework\spring-orm\5.3.10\spring-orm-5.3.10.jar;C:\Prodemge\maven\.m2\repositoryTeste\org\springframework\spring-tx\5.3.10\spring-tx-5.3.10.jar;C:\Prodemge\maven\.m2\repositoryTeste\org\springframework\spring-aspects\5.3.10\spring-aspects-5.3.10.jar;C:\Prodemge\maven\.m2\repositoryTeste\org\mariadb\jdbc\mariadb-java-client\2.7.4\mariadb-java-client-2.7.4.jar;C:\Prodemge\maven\.m2\repositoryTeste\org\springframework\boot\spring-boot-devtools\2.5.5\spring-boot-devtools-2.5.5.jar;C:\Prodemge\maven\.m2\repositoryTeste\org\springframework\boot\spring-boot\2.5.5\spring-boot-2.5.5.jar;C:\Prodemge\maven\.m2\repositoryTeste\org\springframework\boot\spring-boot-autoconfigure\2.5.5\spring-boot-autoconfigure-2.5.5.jar;C:\Prodemge\maven\.m2\repositoryTeste\org\springframework\boot\spring-boot-starter-test\2.5.5\spring-boot-starter-test-2.5.5.jar;C:\Prodemge\maven\.m2\repositoryTeste\org\springframework\boot\spring-boot-test\2.5.5\spring-boot-test-2.5.5.jar;C:\Prodemge\maven\.m2\repositoryTeste\org\springframework\boot\spring-boot-test-autoconfigure\2.5.5\spring-boot-test-autoconfigure-2.5.5.jar;C:\Prodemge\maven\.m2\repositoryTeste\com\jayway\jsonpath\json-path\2.5.0\json-path-2.5.0.jar;C:\Prodemge\maven\.m2\repositoryTeste\net\minidev\json-smart\2.4.7\json-smart-2.4.7.jar;C:\Prodemge\maven\.m2\repositoryTeste\net\minidev\accessors-smart\2.4.7\accessors-smart-2.4.7.jar;C:\Prodemge\maven\.m2\repositoryTeste\org\ow2\asm\asm\9.1\asm-9.1.jar;C:\Prodemge\maven\.m2\repositoryTeste\jakarta\xml\bind\jakarta.xml.bind-api\2.3.3\jakarta.xml.bind-api-2.3.3.jar;C:\Prodemge\maven\.m2\repositoryTeste\jakarta\activation\jakarta.activation-api\1.2.2\jakarta.activation-api-1.2.2.jar;C:\Prodemge\maven\.m2\repositoryTeste\org\assertj\assertj-core\3.19.0\assertj-core-3.19.0.jar;C:\Prodemge\maven\.m2\repositoryTeste\org\hamcrest\hamcrest\2.2\hamcrest-2.2.jar;C:\Prodemge\maven\.m2\repositoryTeste\org\junit\jupiter\junit-jupiter\5.7.2\junit-jupiter-5.7.2.jar;C:\Prodemge\maven\.m2\repositoryTeste\org\junit\jupiter\junit-jupiter-api\5.7.2\junit-jupiter-api-5.7.2.jar;C:\Prodemge\maven\.m2\repositoryTeste\org\apiguardian\apiguardian-api\1.1.0\apiguardian-api-1.1.0.jar;C:\Prodemge\maven\.m2\repositoryTeste\org\opentest4j\opentest4j\1.2.0\opentest4j-1.2.0.jar;C:\Prodemge\maven\.m2\repositoryTeste\org\junit\platform\junit-platform-commons\1.7.2\junit-platform-commons-1.7.2.jar;C:\Prodemge\maven\.m2\repositoryTeste\org\junit\jupiter\junit-jupiter-params\5.7.2\junit-jupiter-params-5.7.2.jar;C:\Prodemge\maven\.m2\repositoryTeste\org\junit\jupiter\junit-jupiter-engine\5.7.2\junit-jupiter-engine-5.7.2.jar;C:\Prodemge\maven\.m2\repositoryTeste\org\junit\platform\junit-platform-engine\1.7.2\junit-platform-engine-1.7.2.jar;C:\Prodemge\maven\.m2\repositoryTeste\org\mockito\mockito-core\3.9.0\mockito-core-3.9.0.jar;C:\Prodemge\maven\.m2\repositoryTeste\net\bytebuddy\byte-buddy-agent\1.10.22\byte-buddy-agent-1.10.22.jar;C:\Prodemge\maven\.m2\repositoryTeste\org\objenesis\objenesis\3.2\objenesis-3.2.jar;C:\Prodemge\maven\.m2\repositoryTeste\org\mockito\mockito-junit-jupiter\3.9.0\mockito-junit-jupiter-3.9.0.jar;C:\Prodemge\maven\.m2\repositoryTeste\org\skyscreamer\jsonassert\1.5.0\jsonassert-1.5.0.jar;C:\Prodemge\maven\.m2\repositoryTeste\com\vaadin\external\google\android-json\0.0.20131108.vaadin1\android-json-0.0.20131108.vaadin1.jar;C:\Prodemge\maven\.m2\repositoryTeste\org\springframework\spring-core\5.3.10\spring-core-5.3.10.jar;C:\Prodemge\maven\.m2\repositoryTeste\org\springframework\spring-jcl\5.3.10\spring-jcl-5.3.10.jar;C:\Prodemge\maven\.m2\repositoryTeste\org\springframework\spring-test\5.3.10\spring-test-5.3.10.jar;C:\Prodemge\maven\.m2\repositoryTeste\org\xmlunit\xmlunit-core\2.8.2\xmlunit-core-2.8.2.jar;C:\Prodemge\maven\.m2\repositoryTeste\org\springframework\boot\spring-boot-starter-validation\2.5.5\spring-boot-starter-validation-2.5.5.jar;C:\Prodemge\maven\.m2\repositoryTeste\org\apache\tomcat\embed\tomcat-embed-el\9.0.53\tomcat-embed-el-9.0.53.jar;C:\Prodemge\maven\.m2\repositoryTeste\org\hibernate\validator\hibernate-validator\6.2.0.Final\hibernate-validator-6.2.0.Final.jar;C:\Prodemge\maven\.m2\repositoryTeste\jakarta\validation\jakarta.validation-api\2.0.2\jakarta.validation-api-2.0.2.jar;"/>
    <property name="java.vm.vendor" value="Oracle Corporation"/>
    <property name="sun.arch.data.model" value="64"/>
    <property name="user.variant" value=""/>
    <property name="java.vendor.url" value="https://java.oracle.com/"/>
    <property name="user.timezone" value="America/Sao_Paulo"/>
    <property name="os.name" value="Windows 10"/>
    <property name="java.vm.specification.version" value="17"/>
    <property name="sun.java.launcher" value="SUN_STANDARD"/>
    <property name="user.country" value="BR"/>
    <property name="sun.boot.library.path" value="C:\Prodemge\jdks\jdk-17\bin"/>
    <property name="sun.java.command" value="C:\Users\p052055\AppData\Local\Temp\surefire5597220244241038374\surefirebooter13262149549680576030.jar C:\Users\p052055\AppData\Local\Temp\surefire5597220244241038374 2021-10-03T18-47-22_506-jvmRun1 surefire4504645271087682279tmp surefire_015907222061805282543tmp"/>
    <property name="jdk.debug" value="release"/>
    <property name="surefire.test.class.path" value="c:\Users\p052055\git\mudi\target\test-classes;c:\Users\p052055\git\mudi\target\classes;C:\Prodemge\maven\.m2\repositoryTeste\org\springframework\boot\spring-boot-starter-thymeleaf\2.5.5\spring-boot-starter-thymeleaf-2.5.5.jar;C:\Prodemge\maven\.m2\repositoryTeste\org\springframework\boot\spring-boot-starter\2.5.5\spring-boot-starter-2.5.5.jar;C:\Prodemge\maven\.m2\repositoryTeste\org\springframework\boot\spring-boot-starter-logging\2.5.5\spring-boot-starter-logging-2.5.5.jar;C:\Prodemge\maven\.m2\repositoryTeste\ch\qos\logback\logback-classic\1.2.6\logback-classic-1.2.6.jar;C:\Prodemge\maven\.m2\repositoryTeste\ch\qos\logback\logback-core\1.2.6\logback-core-1.2.6.jar;C:\Prodemge\maven\.m2\repositoryTeste\org\apache\logging\log4j\log4j-to-slf4j\2.14.1\log4j-to-slf4j-2.14.1.jar;C:\Prodemge\maven\.m2\repositoryTeste\org\apache\logging\log4j\log4j-api\2.14.1\log4j-api-2.14.1.jar;C:\Prodemge\maven\.m2\repositoryTeste\org\slf4j\jul-to-slf4j\1.7.32\jul-to-slf4j-1.7.32.jar;C:\Prodemge\maven\.m2\repositoryTeste\jakarta\annotation\jakarta.annotation-api\1.3.5\jakarta.annotation-api-1.3.5.jar;C:\Prodemge\maven\.m2\repositoryTeste\org\yaml\snakeyaml\1.28\snakeyaml-1.28.jar;C:\Prodemge\maven\.m2\repositoryTeste\org\thymeleaf\thymeleaf-spring5\3.0.12.RELEASE\thymeleaf-spring5-3.0.12.RELEASE.jar;C:\Prodemge\maven\.m2\repositoryTeste\org\thymeleaf\thymeleaf\3.0.12.RELEASE\thymeleaf-3.0.12.RELEASE.jar;C:\Prodemge\maven\.m2\repositoryTeste\org\attoparser\attoparser\2.0.5.RELEASE\attoparser-2.0.5.RELEASE.jar;C:\Prodemge\maven\.m2\repositoryTeste\org\unbescape\unbescape\1.1.6.RELEASE\unbescape-1.1.6.RELEASE.jar;C:\Prodemge\maven\.m2\repositoryTeste\org\slf4j\slf4j-api\1.7.32\slf4j-api-1.7.32.jar;C:\Prodemge\maven\.m2\repositoryTeste\org\thymeleaf\extras\thymeleaf-extras-java8time\3.0.4.RELEASE\thymeleaf-extras-java8time-3.0.4.RELEASE.jar;C:\Prodemge\maven\.m2\repositoryTeste\org\springframework\boot\spring-boot-starter-web\2.5.5\spring-boot-starter-web-2.5.5.jar;C:\Prodemge\maven\.m2\repositoryTeste\org\springframework\boot\spring-boot-starter-json\2.5.5\spring-boot-starter-json-2.5.5.jar;C:\Prodemge\maven\.m2\repositoryTeste\com\fasterxml\jackson\core\jackson-databind\2.12.5\jackson-databind-2.12.5.jar;C:\Prodemge\maven\.m2\repositoryTeste\com\fasterxml\jackson\core\jackson-annotations\2.12.5\jackson-annotations-2.12.5.jar;C:\Prodemge\maven\.m2\repositoryTeste\com\fasterxml\jackson\core\jackson-core\2.12.5\jackson-core-2.12.5.jar;C:\Prodemge\maven\.m2\repositoryTeste\com\fasterxml\jackson\datatype\jackson-datatype-jdk8\2.12.5\jackson-datatype-jdk8-2.12.5.jar;C:\Prodemge\maven\.m2\repositoryTeste\com\fasterxml\jackson\datatype\jackson-datatype-jsr310\2.12.5\jackson-datatype-jsr310-2.12.5.jar;C:\Prodemge\maven\.m2\repositoryTeste\com\fasterxml\jackson\module\jackson-module-parameter-names\2.12.5\jackson-module-parameter-names-2.12.5.jar;C:\Prodemge\maven\.m2\repositoryTeste\org\springframework\boot\spring-boot-starter-tomcat\2.5.5\spring-boot-starter-tomcat-2.5.5.jar;C:\Prodemge\maven\.m2\repositoryTeste\org\apache\tomcat\embed\tomcat-embed-core\9.0.53\tomcat-embed-core-9.0.53.jar;C:\Prodemge\maven\.m2\repositoryTeste\org\apache\tomcat\embed\tomcat-embed-websocket\9.0.53\tomcat-embed-websocket-9.0.53.jar;C:\Prodemge\maven\.m2\repositoryTeste\org\springframework\spring-web\5.3.10\spring-web-5.3.10.jar;C:\Prodemge\maven\.m2\repositoryTeste\org\springframework\spring-beans\5.3.10\spring-beans-5.3.10.jar;C:\Prodemge\maven\.m2\repositoryTeste\org\springframework\spring-webmvc\5.3.10\spring-webmvc-5.3.10.jar;C:\Prodemge\maven\.m2\repositoryTeste\org\springframework\spring-aop\5.3.10\spring-aop-5.3.10.jar;C:\Prodemge\maven\.m2\repositoryTeste\org\springframework\spring-context\5.3.10\spring-context-5.3.10.jar;C:\Prodemge\maven\.m2\repositoryTeste\org\springframework\spring-expression\5.3.10\spring-expression-5.3.10.jar;C:\Prodemge\maven\.m2\repositoryTeste\org\springframework\boot\spring-boot-starter-data-jpa\2.5.5\spring-boot-starter-data-jpa-2.5.5.jar;C:\Prodemge\maven\.m2\repositoryTeste\org\springframework\boot\spring-boot-starter-aop\2.5.5\spring-boot-starter-aop-2.5.5.jar;C:\Prodemge\maven\.m2\repositoryTeste\org\aspectj\aspectjweaver\1.9.7\aspectjweaver-1.9.7.jar;C:\Prodemge\maven\.m2\repositoryTeste\org\springframework\boot\spring-boot-starter-jdbc\2.5.5\spring-boot-starter-jdbc-2.5.5.jar;C:\Prodemge\maven\.m2\repositoryTeste\com\zaxxer\HikariCP\4.0.3\HikariCP-4.0.3.jar;C:\Prodemge\maven\.m2\repositoryTeste\org\springframework\spring-jdbc\5.3.10\spring-jdbc-5.3.10.jar;C:\Prodemge\maven\.m2\repositoryTeste\jakarta\transaction\jakarta.transaction-api\1.3.3\jakarta.transaction-api-1.3.3.jar;C:\Prodemge\maven\.m2\repositoryTeste\jakarta\persistence\jakarta.persistence-api\2.2.3\jakarta.persistence-api-2.2.3.jar;C:\Prodemge\maven\.m2\repositoryTeste\org\hibernate\hibernate-core\5.4.32.Final\hibernate-core-5.4.32.Final.jar;C:\Prodemge\maven\.m2\repositoryTeste\org\jboss\logging\jboss-logging\3.4.2.Final\jboss-logging-3.4.2.Final.jar;C:\Prodemge\maven\.m2\repositoryTeste\org\javassist\javassist\3.27.0-GA\javassist-3.27.0-GA.jar;C:\Prodemge\maven\.m2\repositoryTeste\net\bytebuddy\byte-buddy\1.10.22\byte-buddy-1.10.22.jar;C:\Prodemge\maven\.m2\repositoryTeste\antlr\antlr\2.7.7\antlr-2.7.7.jar;C:\Prodemge\maven\.m2\repositoryTeste\org\jboss\jandex\2.2.3.Final\jandex-2.2.3.Final.jar;C:\Prodemge\maven\.m2\repositoryTeste\com\fasterxml\classmate\1.5.1\classmate-1.5.1.jar;C:\Prodemge\maven\.m2\repositoryTeste\org\dom4j\dom4j\2.1.3\dom4j-2.1.3.jar;C:\Prodemge\maven\.m2\repositoryTeste\org\hibernate\common\hibernate-commons-annotations\5.1.2.Final\hibernate-commons-annotations-5.1.2.Final.jar;C:\Prodemge\maven\.m2\repositoryTeste\org\glassfish\jaxb\jaxb-runtime\2.3.5\jaxb-runtime-2.3.5.jar;C:\Prodemge\maven\.m2\repositoryTeste\org\glassfish\jaxb\txw2\2.3.5\txw2-2.3.5.jar;C:\Prodemge\maven\.m2\repositoryTeste\com\sun\istack\istack-commons-runtime\3.0.12\istack-commons-runtime-3.0.12.jar;C:\Prodemge\maven\.m2\repositoryTeste\com\sun\activation\jakarta.activation\1.2.2\jakarta.activation-1.2.2.jar;C:\Prodemge\maven\.m2\repositoryTeste\org\springframework\data\spring-data-jpa\2.5.5\spring-data-jpa-2.5.5.jar;C:\Prodemge\maven\.m2\repositoryTeste\org\springframework\data\spring-data-commons\2.5.5\spring-data-commons-2.5.5.jar;C:\Prodemge\maven\.m2\repositoryTeste\org\springframework\spring-orm\5.3.10\spring-orm-5.3.10.jar;C:\Prodemge\maven\.m2\repositoryTeste\org\springframework\spring-tx\5.3.10\spring-tx-5.3.10.jar;C:\Prodemge\maven\.m2\repositoryTeste\org\springframework\spring-aspects\5.3.10\spring-aspects-5.3.10.jar;C:\Prodemge\maven\.m2\repositoryTeste\org\mariadb\jdbc\mariadb-java-client\2.7.4\mariadb-java-client-2.7.4.jar;C:\Prodemge\maven\.m2\repositoryTeste\org\springframework\boot\spring-boot-devtools\2.5.5\spring-boot-devtools-2.5.5.jar;C:\Prodemge\maven\.m2\repositoryTeste\org\springframework\boot\spring-boot\2.5.5\spring-boot-2.5.5.jar;C:\Prodemge\maven\.m2\repositoryTeste\org\springframework\boot\spring-boot-autoconfigure\2.5.5\spring-boot-autoconfigure-2.5.5.jar;C:\Prodemge\maven\.m2\repositoryTeste\org\springframework\boot\spring-boot-starter-test\2.5.5\spring-boot-starter-test-2.5.5.jar;C:\Prodemge\maven\.m2\repositoryTeste\org\springframework\boot\spring-boot-test\2.5.5\spring-boot-test-2.5.5.jar;C:\Prodemge\maven\.m2\repositoryTeste\org\springframework\boot\spring-boot-test-autoconfigure\2.5.5\spring-boot-test-autoconfigure-2.5.5.jar;C:\Prodemge\maven\.m2\repositoryTeste\com\jayway\jsonpath\json-path\2.5.0\json-path-2.5.0.jar;C:\Prodemge\maven\.m2\repositoryTeste\net\minidev\json-smart\2.4.7\json-smart-2.4.7.jar;C:\Prodemge\maven\.m2\repositoryTeste\net\minidev\accessors-smart\2.4.7\accessors-smart-2.4.7.jar;C:\Prodemge\maven\.m2\repositoryTeste\org\ow2\asm\asm\9.1\asm-9.1.jar;C:\Prodemge\maven\.m2\repositoryTeste\jakarta\xml\bind\jakarta.xml.bind-api\2.3.3\jakarta.xml.bind-api-2.3.3.jar;C:\Prodemge\maven\.m2\repositoryTeste\jakarta\activation\jakarta.activation-api\1.2.2\jakarta.activation-api-1.2.2.jar;C:\Prodemge\maven\.m2\repositoryTeste\org\assertj\assertj-core\3.19.0\assertj-core-3.19.0.jar;C:\Prodemge\maven\.m2\repositoryTeste\org\hamcrest\hamcrest\2.2\hamcrest-2.2.jar;C:\Prodemge\maven\.m2\repositoryTeste\org\junit\jupiter\junit-jupiter\5.7.2\junit-jupiter-5.7.2.jar;C:\Prodemge\maven\.m2\repositoryTeste\org\junit\jupiter\junit-jupiter-api\5.7.2\junit-jupiter-api-5.7.2.jar;C:\Prodemge\maven\.m2\repositoryTeste\org\apiguardian\apiguardian-api\1.1.0\apiguardian-api-1.1.0.jar;C:\Prodemge\maven\.m2\repositoryTeste\org\opentest4j\opentest4j\1.2.0\opentest4j-1.2.0.jar;C:\Prodemge\maven\.m2\repositoryTeste\org\junit\platform\junit-platform-commons\1.7.2\junit-platform-commons-1.7.2.jar;C:\Prodemge\maven\.m2\repositoryTeste\org\junit\jupiter\junit-jupiter-params\5.7.2\junit-jupiter-params-5.7.2.jar;C:\Prodemge\maven\.m2\repositoryTeste\org\junit\jupiter\junit-jupiter-engine\5.7.2\junit-jupiter-engine-5.7.2.jar;C:\Prodemge\maven\.m2\repositoryTeste\org\junit\platform\junit-platform-engine\1.7.2\junit-platform-engine-1.7.2.jar;C:\Prodemge\maven\.m2\repositoryTeste\org\mockito\mockito-core\3.9.0\mockito-core-3.9.0.jar;C:\Prodemge\maven\.m2\repositoryTeste\net\bytebuddy\byte-buddy-agent\1.10.22\byte-buddy-agent-1.10.22.jar;C:\Prodemge\maven\.m2\repositoryTeste\org\objenesis\objenesis\3.2\objenesis-3.2.jar;C:\Prodemge\maven\.m2\repositoryTeste\org\mockito\mockito-junit-jupiter\3.9.0\mockito-junit-jupiter-3.9.0.jar;C:\Prodemge\maven\.m2\repositoryTeste\org\skyscreamer\jsonassert\1.5.0\jsonassert-1.5.0.jar;C:\Prodemge\maven\.m2\repositoryTeste\com\vaadin\external\google\android-json\0.0.20131108.vaadin1\android-json-0.0.20131108.vaadin1.jar;C:\Prodemge\maven\.m2\repositoryTeste\org\springframework\spring-core\5.3.10\spring-core-5.3.10.jar;C:\Prodemge\maven\.m2\repositoryTeste\org\springframework\spring-jcl\5.3.10\spring-jcl-5.3.10.jar;C:\Prodemge\maven\.m2\repositoryTeste\org\springframework\spring-test\5.3.10\spring-test-5.3.10.jar;C:\Prodemge\maven\.m2\repositoryTeste\org\xmlunit\xmlunit-core\2.8.2\xmlunit-core-2.8.2.jar;C:\Prodemge\maven\.m2\repositoryTeste\org\springframework\boot\spring-boot-starter-validation\2.5.5\spring-boot-starter-validation-2.5.5.jar;C:\Prodemge\maven\.m2\repositoryTeste\org\apache\tomcat\embed\tomcat-embed-el\9.0.53\tomcat-embed-el-9.0.53.jar;C:\Prodemge\maven\.m2\repositoryTeste\org\hibernate\validator\hibernate-validator\6.2.0.Final\hibernate-validator-6.2.0.Final.jar;C:\Prodemge\maven\.m2\repositoryTeste\jakarta\validation\jakarta.validation-api\2.0.2\jakarta.validation-api-2.0.2.jar;"/>
    <property name="sun.cpu.endian" value="little"/>
    <property name="user.home" value="C:\Users\p052055"/>
    <property name="user.language" value="pt"/>
    <property name="java.specification.vendor" value="Oracle Corporation"/>
    <property name="java.version.date" value="2021-09-14"/>
    <property name="java.home" value="C:\Prodemge\jdks\jdk-17"/>
    <property name="file.separator" value="\"/>
    <property name="basedir" value="c:\Users\p052055\git\mudi"/>
    <property name="java.vm.compressedOopsMode" value="Zero based"/>
    <property name="line.separator" value="&#10;"/>
    <property name="java.vm.specification.vendor" value="Oracle Corporation"/>
    <property name="java.specification.name" value="Java Platform API Specification"/>
    <property name="surefire.real.class.path" value="C:\Users\p052055\AppData\Local\Temp\surefire5597220244241038374\surefirebooter13262149549680576030.jar"/>
    <property name="user.script" value=""/>
    <property name="sun.management.compiler" value="HotSpot 64-Bit Tiered Compilers"/>
    <property name="java.runtime.version" value="17+35-2724"/>
    <property name="user.name" value="p052055"/>
    <property name="path.separator" value=";"/>
    <property name="os.version" value="10.0"/>
    <property name="java.runtime.name" value="OpenJDK Runtime Environment"/>
    <property name="file.encoding" value="Cp1252"/>
    <property name="java.vm.name" value="OpenJDK 64-Bit Server VM"/>
    <property name="localRepository" value="C:\Prodemge\maven\.m2\repositoryTeste"/>
    <property name="java.vendor.url.bug" value="https://bugreport.java.com/bugreport/"/>
    <property name="java.io.tmpdir" value="C:\Users\p052055\AppData\Local\Temp\"/>
    <property name="java.version" value="17"/>
    <property name="user.dir" value="c:\Users\p052055\git\mudi"/>
    <property name="os.arch" value="amd64"/>
    <property name="java.vm.specification.name" value="Java Virtual Machine Specification"/>
    <property name="sun.os.patch.level" value=""/>
    <property name="native.encoding" value="Cp1252"/>
    <property name="java.library.path" value="C:\Prodemge\jdks\jdk-17\bin;C:\windows\Sun\Java\bin;C:\windows\system32;C:\windows;C:\windows\system32;C:\windows;C:\windows\System32\Wbem;C:\windows\System32\WindowsPowerShell\v1.0\;C:\windows\System32\OpenSSH\;C:\Program Files\PuTTY\;C:\PROGRA~1\IBM\SQLLIB\BIN;C:\PROGRA~1\IBM\SQLLIB\FUNCTION;C:\Program Files (x86)\Kaspersky Lab\Kaspersky Endpoint Security for Windows\;C:\Program Files\Docker\Docker\resources\bin;C:\ProgramData\DockerDesktop\version-bin;C:\Users\p052055\AppData\Local\Microsoft\WindowsApps;C:\PORTABLES\Git\bin;C:\PORTABLES\node12;C:\Users\p052055\AppData\Local\Programs\Microsoft VS Code\bin;C:\Program Files\liquibase;C:\xampp\php;C:\Prodemge\jdks\jdk-17\bin;C:\Prodemge\maven\apache-maven-3.6.3\bin;C:\PORTABLES\instantclient_19_6;C:\Oracle\11.2.0\client_32\BIN;C:\Oracle\11.2.0\client_64\BIN;;."/>
    <property name="java.vm.info" value="mixed mode, sharing"/>
    <property name="java.vendor" value="Oracle Corporation"/>
    <property name="java.vm.version" value="17+35-2724"/>
    <property name="sun.io.unicode.encoding" value="UnicodeLittle"/>
    <property name="java.class.version" value="61.0"/>
  </properties>
  <testcase name="contextLoads" classname="br.com.asty.mvc.mudi.MudiApplicationTests" time="0.211"/>
</testsuite>